mode: set
github.com/Avito-courses/course-go-avito-israpilovsha/internal/delivery/handler/delivery_handler.go:23.69,25.2 1 1
github.com/Avito-courses/course-go-avito-israpilovsha/internal/delivery/handler/delivery_handler.go:35.57,38.17 3 1
github.com/Avito-courses/course-go-avito-israpilovsha/internal/delivery/handler/delivery_handler.go:38.17,40.3 1 1
github.com/Avito-courses/course-go-avito-israpilovsha/internal/delivery/handler/delivery_handler.go:43.66,45.82 2 1
github.com/Avito-courses/course-go-avito-israpilovsha/internal/delivery/handler/delivery_handler.go:45.82,48.3 2 1
github.com/Avito-courses/course-go-avito-israpilovsha/internal/delivery/handler/delivery_handler.go:50.2,51.16 2 1
github.com/Avito-courses/course-go-avito-israpilovsha/internal/delivery/handler/delivery_handler.go:51.16,55.3 3 1
github.com/Avito-courses/course-go-avito-israpilovsha/internal/delivery/handler/delivery_handler.go:57.2,64.33 2 1
github.com/Avito-courses/course-go-avito-israpilovsha/internal/delivery/handler/delivery_handler.go:67.68,69.82 2 1
github.com/Avito-courses/course-go-avito-israpilovsha/internal/delivery/handler/delivery_handler.go:69.82,72.3 2 1
github.com/Avito-courses/course-go-avito-israpilovsha/internal/delivery/handler/delivery_handler.go:74.2,75.16 2 1
github.com/Avito-courses/course-go-avito-israpilovsha/internal/delivery/handler/delivery_handler.go:75.16,79.3 3 1
github.com/Avito-courses/course-go-avito-israpilovsha/internal/delivery/handler/delivery_handler.go:81.2,87.33 2 1
github.com/Avito-courses/course-go-avito-israpilovsha/internal/delivery/handler/routes.go:5.56,8.2 2 0
github.com/Avito-courses/course-go-avito-israpilovsha/internal/courier/usecase/courier_service.go:14.75,16.2 1 1
github.com/Avito-courses/course-go-avito-israpilovsha/internal/courier/usecase/courier_service.go:18.78,20.2 1 1
github.com/Avito-courses/course-go-avito-israpilovsha/internal/courier/usecase/courier_service.go:22.89,24.2 1 1
github.com/Avito-courses/course-go-avito-israpilovsha/internal/courier/usecase/courier_service.go:26.80,28.2 1 1
github.com/Avito-courses/course-go-avito-israpilovsha/internal/courier/usecase/courier_service.go:30.78,32.2 1 1
github.com/Avito-courses/course-go-avito-israpilovsha/internal/delivery/usecase/delivery_service.go:19.110,25.2 1 1
github.com/Avito-courses/course-go-avito-israpilovsha/internal/delivery/usecase/delivery_service.go:27.127,29.16 2 1
github.com/Avito-courses/course-go-avito-israpilovsha/internal/delivery/usecase/delivery_service.go:29.16,31.3 1 0
github.com/Avito-courses/course-go-avito-israpilovsha/internal/delivery/usecase/delivery_service.go:32.2,32.14 1 1
github.com/Avito-courses/course-go-avito-israpilovsha/internal/delivery/usecase/delivery_service.go:32.14,34.3 1 1
github.com/Avito-courses/course-go-avito-israpilovsha/internal/delivery/usecase/delivery_service.go:36.2,38.69 2 1
github.com/Avito-courses/course-go-avito-israpilovsha/internal/delivery/usecase/delivery_service.go:38.69,49.64 3 1
github.com/Avito-courses/course-go-avito-israpilovsha/internal/delivery/usecase/delivery_service.go:49.64,51.4 1 1
github.com/Avito-courses/course-go-avito-israpilovsha/internal/delivery/usecase/delivery_service.go:53.3,53.73 1 1
github.com/Avito-courses/course-go-avito-israpilovsha/internal/delivery/usecase/delivery_service.go:53.73,55.4 1 0
github.com/Avito-courses/course-go-avito-israpilovsha/internal/delivery/usecase/delivery_service.go:57.3,57.13 1 1
github.com/Avito-courses/course-go-avito-israpilovsha/internal/delivery/usecase/delivery_service.go:60.2,60.16 1 1
github.com/Avito-courses/course-go-avito-israpilovsha/internal/delivery/usecase/delivery_service.go:60.16,62.3 1 1
github.com/Avito-courses/course-go-avito-israpilovsha/internal/delivery/usecase/delivery_service.go:64.2,64.25 1 1
github.com/Avito-courses/course-go-avito-israpilovsha/internal/delivery/usecase/delivery_service.go:67.106,70.70 2 1
github.com/Avito-courses/course-go-avito-israpilovsha/internal/delivery/usecase/delivery_service.go:70.70,72.17 2 1
github.com/Avito-courses/course-go-avito-israpilovsha/internal/delivery/usecase/delivery_service.go:72.17,74.4 1 1
github.com/Avito-courses/course-go-avito-israpilovsha/internal/delivery/usecase/delivery_service.go:75.3,77.85 2 1
github.com/Avito-courses/course-go-avito-israpilovsha/internal/delivery/usecase/delivery_service.go:77.85,79.4 1 1
github.com/Avito-courses/course-go-avito-israpilovsha/internal/delivery/usecase/delivery_service.go:81.3,81.13 1 1
github.com/Avito-courses/course-go-avito-israpilovsha/internal/delivery/usecase/delivery_service.go:84.2,84.16 1 1
github.com/Avito-courses/course-go-avito-israpilovsha/internal/delivery/usecase/delivery_service.go:84.16,86.3 1 1
github.com/Avito-courses/course-go-avito-israpilovsha/internal/delivery/usecase/delivery_service.go:88.2,88.20 1 1
github.com/Avito-courses/course-go-avito-israpilovsha/internal/delivery/usecase/delivery_service.go:92.69,96.2 3 1
github.com/Avito-courses/course-go-avito-israpilovsha/internal/delivery/usecase/delivery_service.go:99.89,102.6 3 1
github.com/Avito-courses/course-go-avito-israpilovsha/internal/delivery/usecase/delivery_service.go:102.6,103.10 1 1
github.com/Avito-courses/course-go-avito-israpilovsha/internal/delivery/usecase/delivery_service.go:104.21,105.10 1 1
github.com/Avito-courses/course-go-avito-israpilovsha/internal/delivery/usecase/delivery_service.go:106.19,107.29 1 1
github.com/Avito-courses/course-go-avito-israpilovsha/internal/delivery/usecase/delivery_time_factory.go:7.67,8.19 1 1
github.com/Avito-courses/course-go-avito-israpilovsha/internal/delivery/usecase/delivery_time_factory.go:9.17,10.35 1 1
github.com/Avito-courses/course-go-avito-israpilovsha/internal/delivery/usecase/delivery_time_factory.go:11.13,12.34 1 1
github.com/Avito-courses/course-go-avito-israpilovsha/internal/delivery/usecase/delivery_time_factory.go:13.10,14.35 1 1
github.com/Avito-courses/course-go-avito-israpilovsha/cmd/myapp/main.go:27.13,64.12 22 0
github.com/Avito-courses/course-go-avito-israpilovsha/cmd/myapp/main.go:64.12,66.77 2 0
github.com/Avito-courses/course-go-avito-israpilovsha/cmd/myapp/main.go:66.77,68.4 1 0
github.com/Avito-courses/course-go-avito-israpilovsha/cmd/myapp/main.go:71.2,77.50 5 0
github.com/Avito-courses/course-go-avito-israpilovsha/cmd/myapp/main.go:77.50,79.3 1 0
github.com/Avito-courses/course-go-avito-israpilovsha/cmd/myapp/main.go:81.2,81.39 1 0
github.com/Avito-courses/course-go-avito-israpilovsha/internal/courier/handler/courier_handler.go:28.68,30.2 1 1
github.com/Avito-courses/course-go-avito-israpilovsha/internal/courier/handler/courier_handler.go:42.66,45.20 3 1
github.com/Avito-courses/course-go-avito-israpilovsha/internal/courier/handler/courier_handler.go:45.20,46.60 1 1
github.com/Avito-courses/course-go-avito-israpilovsha/internal/courier/handler/courier_handler.go:46.60,48.4 1 0
github.com/Avito-courses/course-go-avito-israpilovsha/internal/courier/handler/courier_handler.go:53.66,55.2 1 1
github.com/Avito-courses/course-go-avito-israpilovsha/internal/courier/handler/courier_handler.go:58.64,61.2 2 1
github.com/Avito-courses/course-go-avito-israpilovsha/internal/courier/handler/courier_handler.go:64.71,67.2 2 1
github.com/Avito-courses/course-go-avito-israpilovsha/internal/courier/handler/courier_handler.go:70.67,73.16 3 1
github.com/Avito-courses/course-go-avito-israpilovsha/internal/courier/handler/courier_handler.go:73.16,77.3 3 1
github.com/Avito-courses/course-go-avito-israpilovsha/internal/courier/handler/courier_handler.go:79.2,80.16 2 1
github.com/Avito-courses/course-go-avito-israpilovsha/internal/courier/handler/courier_handler.go:80.16,84.3 3 1
github.com/Avito-courses/course-go-avito-israpilovsha/internal/courier/handler/courier_handler.go:86.2,86.34 1 1
github.com/Avito-courses/course-go-avito-israpilovsha/internal/courier/handler/courier_handler.go:90.66,92.16 2 1
github.com/Avito-courses/course-go-avito-israpilovsha/internal/courier/handler/courier_handler.go:92.16,96.3 3 1
github.com/Avito-courses/course-go-avito-israpilovsha/internal/courier/handler/courier_handler.go:97.2,97.41 1 1
github.com/Avito-courses/course-go-avito-israpilovsha/internal/courier/handler/courier_handler.go:101.66,103.59 2 1
github.com/Avito-courses/course-go-avito-israpilovsha/internal/courier/handler/courier_handler.go:103.59,107.3 3 1
github.com/Avito-courses/course-go-avito-israpilovsha/internal/courier/handler/courier_handler.go:109.2,110.16 2 1
github.com/Avito-courses/course-go-avito-israpilovsha/internal/courier/handler/courier_handler.go:110.16,113.45 2 1
github.com/Avito-courses/course-go-avito-israpilovsha/internal/courier/handler/courier_handler.go:113.45,116.4 2 1
github.com/Avito-courses/course-go-avito-israpilovsha/internal/courier/handler/courier_handler.go:118.3,119.9 2 0
github.com/Avito-courses/course-go-avito-israpilovsha/internal/courier/handler/courier_handler.go:122.2,123.39 2 1
github.com/Avito-courses/course-go-avito-israpilovsha/internal/courier/handler/courier_handler.go:127.66,129.59 2 1
github.com/Avito-courses/course-go-avito-israpilovsha/internal/courier/handler/courier_handler.go:129.59,133.3 3 1
github.com/Avito-courses/course-go-avito-israpilovsha/internal/courier/handler/courier_handler.go:134.2,134.58 1 1
github.com/Avito-courses/course-go-avito-israpilovsha/internal/courier/handler/courier_handler.go:134.58,138.3 3 1
github.com/Avito-courses/course-go-avito-israpilovsha/internal/courier/handler/courier_handler.go:139.2,140.34 2 1
github.com/Avito-courses/course-go-avito-israpilovsha/internal/courier/handler/routes.go:5.55,12.2 6 0
github.com/Avito-courses/course-go-avito-israpilovsha/internal/courier/repository/courier_postgres.go:21.71,23.2 1 0
github.com/Avito-courses/course-go-avito-israpilovsha/internal/courier/repository/courier_postgres.go:25.48,28.2 2 0
github.com/Avito-courses/course-go-avito-israpilovsha/internal/courier/repository/courier_postgres.go:30.89,41.16 3 0
github.com/Avito-courses/course-go-avito-israpilovsha/internal/courier/repository/courier_postgres.go:41.16,42.70 1 0
github.com/Avito-courses/course-go-avito-israpilovsha/internal/courier/repository/courier_postgres.go:42.70,44.4 1 0
github.com/Avito-courses/course-go-avito-israpilovsha/internal/courier/repository/courier_postgres.go:45.3,45.13 1 0
github.com/Avito-courses/course-go-avito-israpilovsha/internal/courier/repository/courier_postgres.go:48.2,48.12 1 0
github.com/Avito-courses/course-go-avito-israpilovsha/internal/courier/repository/courier_postgres.go:51.100,63.16 4 0
github.com/Avito-courses/course-go-avito-israpilovsha/internal/courier/repository/courier_postgres.go:63.16,64.27 1 0
github.com/Avito-courses/course-go-avito-israpilovsha/internal/courier/repository/courier_postgres.go:64.27,66.4 1 0
github.com/Avito-courses/course-go-avito-israpilovsha/internal/courier/repository/courier_postgres.go:67.3,67.18 1 0
github.com/Avito-courses/course-go-avito-israpilovsha/internal/courier/repository/courier_postgres.go:70.2,70.15 1 0
github.com/Avito-courses/course-go-avito-israpilovsha/internal/courier/repository/courier_postgres.go:73.91,80.16 3 0
github.com/Avito-courses/course-go-avito-israpilovsha/internal/courier/repository/courier_postgres.go:80.16,82.3 1 0
github.com/Avito-courses/course-go-avito-israpilovsha/internal/courier/repository/courier_postgres.go:83.2,87.18 3 0
github.com/Avito-courses/course-go-avito-israpilovsha/internal/courier/repository/courier_postgres.go:87.18,89.90 2 0
github.com/Avito-courses/course-go-avito-israpilovsha/internal/courier/repository/courier_postgres.go:89.90,91.4 1 0
github.com/Avito-courses/course-go-avito-israpilovsha/internal/courier/repository/courier_postgres.go:92.3,92.25 1 0
github.com/Avito-courses/course-go-avito-israpilovsha/internal/courier/repository/courier_postgres.go:95.2,95.18 1 0
github.com/Avito-courses/course-go-avito-israpilovsha/internal/courier/repository/courier_postgres.go:98.89,112.16 3 0
github.com/Avito-courses/course-go-avito-israpilovsha/internal/courier/repository/courier_postgres.go:112.16,114.3 1 0
github.com/Avito-courses/course-go-avito-israpilovsha/internal/courier/repository/courier_postgres.go:116.2,116.29 1 0
github.com/Avito-courses/course-go-avito-israpilovsha/internal/courier/repository/courier_postgres.go:116.29,118.3 1 0
github.com/Avito-courses/course-go-avito-israpilovsha/internal/courier/repository/courier_postgres.go:120.2,120.12 1 0
github.com/Avito-courses/course-go-avito-israpilovsha/internal/courier/repository/courier_postgres.go:123.96,139.16 4 0
github.com/Avito-courses/course-go-avito-israpilovsha/internal/courier/repository/courier_postgres.go:139.16,140.27 1 0
github.com/Avito-courses/course-go-avito-israpilovsha/internal/courier/repository/courier_postgres.go:140.27,142.4 1 0
github.com/Avito-courses/course-go-avito-israpilovsha/internal/courier/repository/courier_postgres.go:143.3,143.18 1 0
github.com/Avito-courses/course-go-avito-israpilovsha/internal/courier/repository/courier_postgres.go:146.2,146.15 1 0
github.com/Avito-courses/course-go-avito-israpilovsha/internal/courier/repository/courier_postgres.go:149.102,153.8 3 0
github.com/Avito-courses/course-go-avito-israpilovsha/internal/courier/repository/courier_postgres.go:153.8,156.3 2 0
github.com/Avito-courses/course-go-avito-israpilovsha/internal/courier/repository/courier_postgres.go:158.2,159.12 2 0
github.com/Avito-courses/course-go-avito-israpilovsha/internal/courier/repository/courier_postgres.go:162.103,173.16 3 0
github.com/Avito-courses/course-go-avito-israpilovsha/internal/courier/repository/courier_postgres.go:173.16,175.3 1 0
github.com/Avito-courses/course-go-avito-israpilovsha/internal/courier/repository/courier_postgres.go:177.2,177.32 1 0
github.com/Avito-courses/course-go-avito-israpilovsha/internal/courier/repository/courier_repository.go:29.38,29.54 1 0
github.com/Avito-courses/course-go-avito-israpilovsha/internal/courier/repository/courier_repository.go:31.33,31.61 1 0
github.com/Avito-courses/course-go-avito-israpilovsha/internal/courier/repository/mock_courier_repository.go:28.79,32.2 3 0
github.com/Avito-courses/course-go-avito-israpilovsha/internal/courier/repository/mock_courier_repository.go:35.77,37.2 1 0
github.com/Avito-courses/course-go-avito-israpilovsha/internal/courier/repository/mock_courier_repository.go:40.85,45.2 4 0
github.com/Avito-courses/course-go-avito-israpilovsha/internal/courier/repository/mock_courier_repository.go:48.86,51.2 2 0
github.com/Avito-courses/course-go-avito-israpilovsha/internal/courier/repository/mock_courier_repository.go:54.92,60.2 5 0
github.com/Avito-courses/course-go-avito-israpilovsha/internal/courier/repository/mock_courier_repository.go:63.90,66.2 2 0
github.com/Avito-courses/course-go-avito-israpilovsha/internal/courier/repository/mock_courier_repository.go:69.87,75.2 5 0
github.com/Avito-courses/course-go-avito-israpilovsha/internal/courier/repository/mock_courier_repository.go:78.83,81.2 2 0
github.com/Avito-courses/course-go-avito-israpilovsha/internal/courier/repository/mock_courier_repository.go:84.96,90.2 5 0
github.com/Avito-courses/course-go-avito-israpilovsha/internal/courier/repository/mock_courier_repository.go:93.88,96.2 2 0
github.com/Avito-courses/course-go-avito-israpilovsha/internal/courier/repository/mock_courier_repository.go:99.99,105.2 5 0
github.com/Avito-courses/course-go-avito-israpilovsha/internal/courier/repository/mock_courier_repository.go:108.96,111.2 2 0
github.com/Avito-courses/course-go-avito-israpilovsha/internal/courier/repository/mock_courier_repository.go:114.85,119.2 4 0
github.com/Avito-courses/course-go-avito-israpilovsha/internal/courier/repository/mock_courier_repository.go:122.86,125.2 2 0
github.com/Avito-courses/course-go-avito-israpilovsha/internal/courier/repository/mock_courier_repository.go:128.98,133.2 4 0
github.com/Avito-courses/course-go-avito-israpilovsha/internal/courier/repository/mock_courier_repository.go:136.101,139.2 2 0
github.com/Avito-courses/course-go-avito-israpilovsha/internal/db/db.go:18.67,22.35 3 0
github.com/Avito-courses/course-go-avito-israpilovsha/internal/db/db.go:22.35,26.17 3 0
github.com/Avito-courses/course-go-avito-israpilovsha/internal/db/db.go:26.17,28.49 1 0
github.com/Avito-courses/course-go-avito-israpilovsha/internal/db/db.go:28.49,32.5 3 0
github.com/Avito-courses/course-go-avito-israpilovsha/internal/db/db.go:32.10,34.5 1 0
github.com/Avito-courses/course-go-avito-israpilovsha/internal/db/db.go:36.3,39.30 3 0
github.com/Avito-courses/course-go-avito-israpilovsha/internal/db/db.go:42.2,43.12 2 0
github.com/Avito-courses/course-go-avito-israpilovsha/internal/db/db.go:46.29,47.20 1 0
github.com/Avito-courses/course-go-avito-israpilovsha/internal/db/db.go:47.20,50.3 2 0
github.com/Avito-courses/course-go-avito-israpilovsha/internal/delivery/repository/delivery_postgres.go:19.73,21.2 1 0
github.com/Avito-courses/course-go-avito-israpilovsha/internal/delivery/repository/delivery_postgres.go:23.48,26.2 2 0
github.com/Avito-courses/course-go-avito-israpilovsha/internal/delivery/repository/delivery_postgres.go:28.110,30.16 2 0
github.com/Avito-courses/course-go-avito-israpilovsha/internal/delivery/repository/delivery_postgres.go:30.16,32.3 1 0
github.com/Avito-courses/course-go-avito-israpilovsha/internal/delivery/repository/delivery_postgres.go:33.2,37.34 3 0
github.com/Avito-courses/course-go-avito-israpilovsha/internal/delivery/repository/delivery_postgres.go:37.34,39.3 1 0
github.com/Avito-courses/course-go-avito-israpilovsha/internal/delivery/repository/delivery_postgres.go:41.2,41.23 1 0
github.com/Avito-courses/course-go-avito-israpilovsha/internal/delivery/repository/delivery_postgres.go:44.91,52.8 3 0
github.com/Avito-courses/course-go-avito-israpilovsha/internal/delivery/repository/delivery_postgres.go:52.8,56.3 1 0
github.com/Avito-courses/course-go-avito-israpilovsha/internal/delivery/repository/delivery_postgres.go:58.2,60.15 1 0
github.com/Avito-courses/course-go-avito-israpilovsha/internal/delivery/repository/delivery_postgres.go:63.116,74.8 5 0
github.com/Avito-courses/course-go-avito-israpilovsha/internal/delivery/repository/delivery_postgres.go:74.8,78.3 1 0
github.com/Avito-courses/course-go-avito-israpilovsha/internal/delivery/repository/delivery_postgres.go:78.8,82.3 1 0
github.com/Avito-courses/course-go-avito-israpilovsha/internal/delivery/repository/delivery_postgres.go:84.2,84.16 1 0
github.com/Avito-courses/course-go-avito-israpilovsha/internal/delivery/repository/delivery_postgres.go:84.16,85.27 1 0
github.com/Avito-courses/course-go-avito-israpilovsha/internal/delivery/repository/delivery_postgres.go:85.27,87.4 1 0
github.com/Avito-courses/course-go-avito-israpilovsha/internal/delivery/repository/delivery_postgres.go:88.3,88.18 1 0
github.com/Avito-courses/course-go-avito-israpilovsha/internal/delivery/repository/delivery_postgres.go:91.2,91.15 1 0
github.com/Avito-courses/course-go-avito-israpilovsha/internal/delivery/repository/delivery_postgres.go:94.113,105.8 5 0
github.com/Avito-courses/course-go-avito-israpilovsha/internal/delivery/repository/delivery_postgres.go:105.8,109.3 1 0
github.com/Avito-courses/course-go-avito-israpilovsha/internal/delivery/repository/delivery_postgres.go:109.8,113.3 1 0
github.com/Avito-courses/course-go-avito-israpilovsha/internal/delivery/repository/delivery_postgres.go:115.2,115.16 1 0
github.com/Avito-courses/course-go-avito-israpilovsha/internal/delivery/repository/delivery_postgres.go:115.16,116.27 1 0
github.com/Avito-courses/course-go-avito-israpilovsha/internal/delivery/repository/delivery_postgres.go:116.27,118.4 1 0
github.com/Avito-courses/course-go-avito-israpilovsha/internal/delivery/repository/delivery_postgres.go:119.3,119.18 1 0
github.com/Avito-courses/course-go-avito-israpilovsha/internal/delivery/repository/delivery_postgres.go:122.2,122.15 1 0
github.com/Avito-courses/course-go-avito-israpilovsha/internal/delivery/repository/delivery_repository.go:25.38,25.54 1 0
github.com/Avito-courses/course-go-avito-israpilovsha/internal/delivery/repository/delivery_repository.go:27.33,27.61 1 0
github.com/Avito-courses/course-go-avito-israpilovsha/internal/delivery/repository/mock_delivery_repository.go:27.81,31.2 3 0
github.com/Avito-courses/course-go-avito-israpilovsha/internal/delivery/repository/mock_delivery_repository.go:34.79,36.2 1 0
github.com/Avito-courses/course-go-avito-israpilovsha/internal/delivery/repository/mock_delivery_repository.go:39.87,44.2 4 0
github.com/Avito-courses/course-go-avito-israpilovsha/internal/delivery/repository/mock_delivery_repository.go:47.87,50.2 2 0
github.com/Avito-courses/course-go-avito-israpilovsha/internal/delivery/repository/mock_delivery_repository.go:53.112,59.2 5 0
github.com/Avito-courses/course-go-avito-israpilovsha/internal/delivery/repository/mock_delivery_repository.go:62.102,65.2 2 0
github.com/Avito-courses/course-go-avito-israpilovsha/internal/delivery/repository/mock_delivery_repository.go:68.109,74.2 5 0
github.com/Avito-courses/course-go-avito-israpilovsha/internal/delivery/repository/mock_delivery_repository.go:77.99,80.2 2 0
github.com/Avito-courses/course-go-avito-israpilovsha/internal/delivery/repository/mock_delivery_repository.go:83.100,88.2 4 0
github.com/Avito-courses/course-go-avito-israpilovsha/internal/delivery/repository/mock_delivery_repository.go:91.88,94.2 2 0
github.com/Avito-courses/course-go-avito-israpilovsha/pkg/logger/logger.go:5.31,7.16 2 0
github.com/Avito-courses/course-go-avito-israpilovsha/pkg/logger/logger.go:7.16,8.55 1 0
github.com/Avito-courses/course-go-avito-israpilovsha/pkg/logger/logger.go:10.2,10.23 1 0
github.com/Avito-courses/course-go-avito-israpilovsha/internal/server/config/config.go:30.25,36.21 4 0
github.com/Avito-courses/course-go-avito-israpilovsha/internal/server/config/config.go:36.21,38.3 1 0
github.com/Avito-courses/course-go-avito-israpilovsha/internal/server/config/config.go:40.2,41.16 2 0
github.com/Avito-courses/course-go-avito-israpilovsha/internal/server/config/config.go:41.16,42.60 1 0
github.com/Avito-courses/course-go-avito-israpilovsha/internal/server/config/config.go:45.2,56.16 4 0
github.com/Avito-courses/course-go-avito-israpilovsha/internal/server/config/config.go:56.16,58.3 1 0
github.com/Avito-courses/course-go-avito-israpilovsha/internal/server/config/config.go:60.2,64.3 1 0
github.com/Avito-courses/course-go-avito-israpilovsha/internal/server/config/config.go:67.38,72.2 1 0
